2022-12-19 15:18:28.558  INFO 756 --- [restartedMain] i.g.y.mscartoes.MscartoesApplication     : Starting MscartoesApplication using Java 18.0.2.1 on Yesmin with PID 756 (C:\Users\yesminmarie\Documents\Estudos\Curso_Microservicos_Udemy\microservice-project-card-issuing\mscartoes\target\classes started by yesminmarie in C:\Users\yesminmarie\Documents\Estudos\Curso_Microservicos_Udemy\microservice-project-card-issuing\mscartoes)
2022-12-19 15:18:28.576  INFO 756 --- [restartedMain] i.g.y.mscartoes.MscartoesApplication     : No active profile set, falling back to 1 default profile: "default"
2022-12-19 15:18:28.925  INFO 756 --- [restartedMain] .e.DevToolsPropertyDefaultsPostProcessor : Devtools property defaults active! Set 'spring.devtools.add-properties' to 'false' to disable
2022-12-19 15:18:28.927  INFO 756 --- [restartedMain] .e.DevToolsPropertyDefaultsPostProcessor : For additional web related logging consider setting the 'logging.level.web' property to 'DEBUG'
2022-12-19 15:18:32.531  INFO 756 --- [restartedMain] .s.d.r.c.RepositoryConfigurationDelegate : Bootstrapping Spring Data JPA repositories in DEFAULT mode.
2022-12-19 15:18:32.822  INFO 756 --- [restartedMain] .s.d.r.c.RepositoryConfigurationDelegate : Finished Spring Data repository scanning in 263 ms. Found 2 JPA repository interfaces.
2022-12-19 15:18:33.513  INFO 756 --- [restartedMain] o.s.cloud.context.scope.GenericScope     : BeanFactory id=df6932e8-df15-35a6-9464-ee7931fe073e
2022-12-19 15:18:35.368  INFO 756 --- [restartedMain] o.s.b.w.embedded.tomcat.TomcatWebServer  : Tomcat initialized with port(s): 0 (http)
2022-12-19 15:18:35.407  INFO 756 --- [restartedMain] o.apache.catalina.core.StandardService   : Starting service [Tomcat]
2022-12-19 15:18:35.408  INFO 756 --- [restartedMain] org.apache.catalina.core.StandardEngine  : Starting Servlet engine: [Apache Tomcat/9.0.69]
2022-12-19 15:18:35.999  INFO 756 --- [restartedMain] o.a.c.c.C.[Tomcat].[localhost].[/]       : Initializing Spring embedded WebApplicationContext
2022-12-19 15:18:36.000  INFO 756 --- [restartedMain] w.s.c.ServletWebServerApplicationContext : Root WebApplicationContext: initialization completed in 7071 ms
2022-12-19 15:18:36.567  INFO 756 --- [restartedMain] com.zaxxer.hikari.HikariDataSource       : HikariPool-1 - Starting...
2022-12-19 15:18:39.416  INFO 756 --- [restartedMain] com.zaxxer.hikari.HikariDataSource       : HikariPool-1 - Start completed.
2022-12-19 15:18:39.438  INFO 756 --- [restartedMain] o.s.b.a.h2.H2ConsoleAutoConfiguration    : H2 console available at '/h2-console'. Database available at 'jdbc:h2:mem:61826332-6cc6-4083-b95c-02161cf53cc6'
2022-12-19 15:18:40.236  INFO 756 --- [restartedMain] o.hibernate.jpa.internal.util.LogHelper  : HHH000204: Processing PersistenceUnitInfo [name: default]
2022-12-19 15:18:40.429  INFO 756 --- [restartedMain] org.hibernate.Version                    : HHH000412: Hibernate ORM core version 5.6.14.Final
2022-12-19 15:18:41.032  INFO 756 --- [restartedMain] o.hibernate.annotations.common.Version   : HCANN000001: Hibernate Commons Annotations {5.1.2.Final}
2022-12-19 15:18:41.575  INFO 756 --- [restartedMain] org.hibernate.dialect.Dialect            : HHH000400: Using dialect: org.hibernate.dialect.H2Dialect
2022-12-19 15:18:43.111  INFO 756 --- [restartedMain] o.h.e.t.j.p.i.JtaPlatformInitiator       : HHH000490: Using JtaPlatform implementation: [org.hibernate.engine.transaction.jta.platform.internal.NoJtaPlatform]
2022-12-19 15:18:43.126  INFO 756 --- [restartedMain] j.LocalContainerEntityManagerFactoryBean : Initialized JPA EntityManagerFactory for persistence unit 'default'
2022-12-19 15:18:45.600  WARN 756 --- [restartedMain] JpaBaseConfiguration$JpaWebConfiguration : spring.jpa.open-in-view is enabled by default. Therefore, database queries may be performed during view rendering. Explicitly configure spring.jpa.open-in-view to disable this warning
2022-12-19 15:18:51.818  WARN 756 --- [restartedMain] o.s.b.d.a.OptionalLiveReloadServer       : Unable to start LiveReload server
2022-12-19 15:18:52.065  INFO 756 --- [restartedMain] DiscoveryClientOptionalArgsConfiguration : Eureka HTTP Client uses RestTemplate.
2022-12-19 15:18:52.302  WARN 756 --- [restartedMain] iguration$LoadBalancerCaffeineWarnLogger : Spring Cloud LoadBalancer is currently working with the default cache. While this cache implementation is useful for development and tests, it's recommended to use Caffeine cache in production.You can switch to using Caffeine cache, by adding it and org.springframework.cache.caffeine.CaffeineCacheManager to the classpath.
2022-12-19 15:18:52.333  INFO 756 --- [restartedMain] o.s.b.a.e.web.EndpointLinksResolver      : Exposing 17 endpoint(s) beneath base path '/actuator'
2022-12-19 15:18:52.657  INFO 756 --- [restartedMain] o.s.b.w.embedded.tomcat.TomcatWebServer  : Tomcat started on port(s): 60983 (http) with context path ''
2022-12-19 15:18:52.662  INFO 756 --- [restartedMain] .s.c.n.e.s.EurekaAutoServiceRegistration : Updating port to 60983
2022-12-19 15:18:52.676  INFO 756 --- [restartedMain] o.s.c.n.eureka.InstanceInfoFactory       : Setting initial instance status as: STARTING
2022-12-19 15:18:53.183  INFO 756 --- [restartedMain] com.netflix.discovery.DiscoveryClient    : Initializing Eureka in region us-east-1
2022-12-19 15:18:53.195  INFO 756 --- [restartedMain] c.n.d.s.r.aws.ConfigClusterResolver      : Resolving eureka endpoints via configuration
2022-12-19 15:18:53.247  INFO 756 --- [restartedMain] com.netflix.discovery.DiscoveryClient    : Disable delta property : false
2022-12-19 15:18:53.248  INFO 756 --- [restartedMain] com.netflix.discovery.DiscoveryClient    : Single vip registry refresh property : null
2022-12-19 15:18:53.248  INFO 756 --- [restartedMain] com.netflix.discovery.DiscoveryClient    : Force full registry fetch : false
2022-12-19 15:18:53.248  INFO 756 --- [restartedMain] com.netflix.discovery.DiscoveryClient    : Application is null : false
2022-12-19 15:18:53.249  INFO 756 --- [restartedMain] com.netflix.discovery.DiscoveryClient    : Registered Applications size is zero : true
2022-12-19 15:18:53.249  INFO 756 --- [restartedMain] com.netflix.discovery.DiscoveryClient    : Application version is -1: true
2022-12-19 15:18:53.250  INFO 756 --- [restartedMain] com.netflix.discovery.DiscoveryClient    : Getting all instance registry info from the eureka server
2022-12-19 15:18:53.990  INFO 756 --- [restartedMain] com.netflix.discovery.DiscoveryClient    : The response status is 200
2022-12-19 15:18:54.053  INFO 756 --- [restartedMain] com.netflix.discovery.DiscoveryClient    : Starting heartbeat executor: renew interval is: 30
2022-12-19 15:18:54.143  INFO 756 --- [restartedMain] c.n.discovery.InstanceInfoReplicator     : InstanceInfoReplicator onDemand update allowed rate per min is 4
2022-12-19 15:18:54.172  INFO 756 --- [restartedMain] com.netflix.discovery.DiscoveryClient    : Discovery Client initialized at timestamp 1671473934167 with initial instances count: 1
2022-12-19 15:18:54.177  INFO 756 --- [restartedMain] o.s.c.n.e.s.EurekaServiceRegistry        : Registering application MSCARTOES with eureka with status UP
2022-12-19 15:18:54.178  INFO 756 --- [restartedMain] com.netflix.discovery.DiscoveryClient    : Saw local status change event StatusChangeEvent [timestamp=1671473934178, current=UP, previous=STARTING]
2022-12-19 15:18:54.223  INFO 756 --- [DiscoveryClient-InstanceInfoReplicator-0] com.netflix.discovery.DiscoveryClient    : DiscoveryClient_MSCARTOES/mscartoes:270a188b01988f511c38174c8a377a36: registering service...
2022-12-19 15:18:54.455  INFO 756 --- [DiscoveryClient-InstanceInfoReplicator-0] com.netflix.discovery.DiscoveryClient    : DiscoveryClient_MSCARTOES/mscartoes:270a188b01988f511c38174c8a377a36 - registration status: 204
2022-12-19 15:18:54.482  INFO 756 --- [restartedMain] o.s.a.r.c.CachingConnectionFactory       : Attempting to connect to: [localhost:5672]
2022-12-19 15:18:54.843  INFO 756 --- [restartedMain] o.s.a.r.c.CachingConnectionFactory       : Created new connection: rabbitConnectionFactory#10ce2759:0/SimpleConnection@48946962 [delegate=amqp://guest@127.0.0.1:5672/, localPort= 60988]
2022-12-19 15:18:55.003  INFO 756 --- [restartedMain] i.g.y.mscartoes.MscartoesApplication     : Started MscartoesApplication in 28.721 seconds (JVM running for 31.414)
2022-12-19 15:23:53.295  INFO 756 --- [AsyncResolver-bootstrap-executor-0] c.n.d.s.r.aws.ConfigClusterResolver      : Resolving eureka endpoints via configuration
2022-12-19 15:28:53.340  INFO 756 --- [AsyncResolver-bootstrap-executor-0] c.n.d.s.r.aws.ConfigClusterResolver      : Resolving eureka endpoints via configuration
2022-12-19 15:33:53.344  INFO 756 --- [AsyncResolver-bootstrap-executor-0] c.n.d.s.r.aws.ConfigClusterResolver      : Resolving eureka endpoints via configuration
2022-12-19 15:38:53.349  INFO 756 --- [AsyncResolver-bootstrap-executor-0] c.n.d.s.r.aws.ConfigClusterResolver      : Resolving eureka endpoints via configuration
2022-12-19 15:43:22.439  INFO 756 --- [http-nio-auto-1-exec-1] o.a.c.c.C.[Tomcat].[localhost].[/]       : Initializing Spring DispatcherServlet 'dispatcherServlet'
2022-12-19 15:43:22.442  INFO 756 --- [http-nio-auto-1-exec-1] o.s.web.servlet.DispatcherServlet        : Initializing Servlet 'dispatcherServlet'
2022-12-19 15:43:22.535  INFO 756 --- [http-nio-auto-1-exec-1] o.s.web.servlet.DispatcherServlet        : Completed initialization in 92 ms
2022-12-19 15:43:53.357  INFO 756 --- [AsyncResolver-bootstrap-executor-0] c.n.d.s.r.aws.ConfigClusterResolver      : Resolving eureka endpoints via configuration
2022-12-19 15:47:03.417  INFO 756 --- [SpringApplicationShutdownHook] o.s.c.n.e.s.EurekaServiceRegistry        : Unregistering application MSCARTOES with eureka with status DOWN
2022-12-19 15:47:03.419  INFO 756 --- [SpringApplicationShutdownHook] com.netflix.discovery.DiscoveryClient    : Saw local status change event StatusChangeEvent [timestamp=1671475623419, current=DOWN, previous=UP]
2022-12-19 15:47:03.448  INFO 756 --- [DiscoveryClient-InstanceInfoReplicator-0] com.netflix.discovery.DiscoveryClient    : DiscoveryClient_MSCARTOES/mscartoes:270a188b01988f511c38174c8a377a36: registering service...
2022-12-19 15:47:03.491  INFO 756 --- [DiscoveryClient-InstanceInfoReplicator-0] com.netflix.discovery.DiscoveryClient    : DiscoveryClient_MSCARTOES/mscartoes:270a188b01988f511c38174c8a377a36 - registration status: 204
2022-12-19 15:47:03.663  INFO 756 --- [org.springframework.amqp.rabbit.RabbitListenerEndpointContainer#0-2] o.s.a.r.l.SimpleMessageListenerContainer : Waiting for workers to finish.
2022-12-19 15:47:04.372  INFO 756 --- [org.springframework.amqp.rabbit.RabbitListenerEndpointContainer#0-2] o.s.a.r.l.SimpleMessageListenerContainer : Successfully waited for workers to finish.
2022-12-19 15:47:04.452  INFO 756 --- [SpringApplicationShutdownHook] o.s.a.r.l.SimpleMessageListenerContainer : Shutdown ignored - container is already stopped
2022-12-19 15:47:04.457  INFO 756 --- [SpringApplicationShutdownHook] j.LocalContainerEntityManagerFactoryBean : Closing JPA EntityManagerFactory for persistence unit 'default'
2022-12-19 15:47:04.461  INFO 756 --- [SpringApplicationShutdownHook] .SchemaDropperImpl$DelayedDropActionImpl : HHH000477: Starting delayed evictData of schema as part of SessionFactory shut-down'
