2022-12-19 15:19:50.869  INFO 12460 --- [restartedMain] i.g.y.msclientes.MsclientesApplication   : Starting MsclientesApplication using Java 18.0.2.1 on Yesmin with PID 12460 (C:\Users\yesminmarie\Documents\Estudos\Curso_Microservicos_Udemy\microservice-project-card-issuing\msclientes\target\classes started by yesminmarie in C:\Users\yesminmarie\Documents\Estudos\Curso_Microservicos_Udemy\microservice-project-card-issuing\msclientes)
2022-12-19 15:19:50.891  INFO 12460 --- [restartedMain] i.g.y.msclientes.MsclientesApplication   : No active profile set, falling back to 1 default profile: "default"
2022-12-19 15:19:51.139  INFO 12460 --- [restartedMain] .e.DevToolsPropertyDefaultsPostProcessor : Devtools property defaults active! Set 'spring.devtools.add-properties' to 'false' to disable
2022-12-19 15:19:51.140  INFO 12460 --- [restartedMain] .e.DevToolsPropertyDefaultsPostProcessor : For additional web related logging consider setting the 'logging.level.web' property to 'DEBUG'
2022-12-19 15:19:54.327  INFO 12460 --- [restartedMain] .s.d.r.c.RepositoryConfigurationDelegate : Bootstrapping Spring Data JPA repositories in DEFAULT mode.
2022-12-19 15:19:54.672  INFO 12460 --- [restartedMain] .s.d.r.c.RepositoryConfigurationDelegate : Finished Spring Data repository scanning in 320 ms. Found 1 JPA repository interfaces.
2022-12-19 15:19:55.479  INFO 12460 --- [restartedMain] o.s.cloud.context.scope.GenericScope     : BeanFactory id=1ad67db3-7bef-38a4-96de-71309b563a77
2022-12-19 15:19:57.283  INFO 12460 --- [restartedMain] o.s.b.w.embedded.tomcat.TomcatWebServer  : Tomcat initialized with port(s): 0 (http)
2022-12-19 15:19:57.304  INFO 12460 --- [restartedMain] o.apache.catalina.core.StandardService   : Starting service [Tomcat]
2022-12-19 15:19:57.305  INFO 12460 --- [restartedMain] org.apache.catalina.core.StandardEngine  : Starting Servlet engine: [Apache Tomcat/9.0.69]
2022-12-19 15:19:57.575  INFO 12460 --- [restartedMain] o.a.c.c.C.[Tomcat].[localhost].[/]       : Initializing Spring embedded WebApplicationContext
2022-12-19 15:19:57.576  INFO 12460 --- [restartedMain] w.s.c.ServletWebServerApplicationContext : Root WebApplicationContext: initialization completed in 6434 ms
2022-12-19 15:19:57.926  INFO 12460 --- [restartedMain] com.zaxxer.hikari.HikariDataSource       : HikariPool-1 - Starting...
2022-12-19 15:19:58.461  INFO 12460 --- [restartedMain] com.zaxxer.hikari.HikariDataSource       : HikariPool-1 - Start completed.
2022-12-19 15:19:58.488  INFO 12460 --- [restartedMain] o.s.b.a.h2.H2ConsoleAutoConfiguration    : H2 console available at '/h2-console'. Database available at 'jdbc:h2:mem:268f312b-3e45-4e7d-8760-3ac3350dabe9'
2022-12-19 15:19:59.110  INFO 12460 --- [restartedMain] o.hibernate.jpa.internal.util.LogHelper  : HHH000204: Processing PersistenceUnitInfo [name: default]
2022-12-19 15:19:59.258  INFO 12460 --- [restartedMain] org.hibernate.Version                    : HHH000412: Hibernate ORM core version 5.6.14.Final
2022-12-19 15:19:59.679  INFO 12460 --- [restartedMain] o.hibernate.annotations.common.Version   : HCANN000001: Hibernate Commons Annotations {5.1.2.Final}
2022-12-19 15:19:59.987  INFO 12460 --- [restartedMain] org.hibernate.dialect.Dialect            : HHH000400: Using dialect: org.hibernate.dialect.H2Dialect
2022-12-19 15:20:01.286  INFO 12460 --- [restartedMain] o.h.e.t.j.p.i.JtaPlatformInitiator       : HHH000490: Using JtaPlatform implementation: [org.hibernate.engine.transaction.jta.platform.internal.NoJtaPlatform]
2022-12-19 15:20:01.299  INFO 12460 --- [restartedMain] j.LocalContainerEntityManagerFactoryBean : Initialized JPA EntityManagerFactory for persistence unit 'default'
2022-12-19 15:20:02.735  WARN 12460 --- [restartedMain] JpaBaseConfiguration$JpaWebConfiguration : spring.jpa.open-in-view is enabled by default. Therefore, database queries may be performed during view rendering. Explicitly configure spring.jpa.open-in-view to disable this warning
2022-12-19 15:20:06.735  WARN 12460 --- [restartedMain] o.s.b.d.a.OptionalLiveReloadServer       : Unable to start LiveReload server
2022-12-19 15:20:06.950  INFO 12460 --- [restartedMain] DiscoveryClientOptionalArgsConfiguration : Eureka HTTP Client uses RestTemplate.
2022-12-19 15:20:07.118  WARN 12460 --- [restartedMain] iguration$LoadBalancerCaffeineWarnLogger : Spring Cloud LoadBalancer is currently working with the default cache. While this cache implementation is useful for development and tests, it's recommended to use Caffeine cache in production.You can switch to using Caffeine cache, by adding it and org.springframework.cache.caffeine.CaffeineCacheManager to the classpath.
2022-12-19 15:20:07.136  INFO 12460 --- [restartedMain] o.s.b.a.e.web.EndpointLinksResolver      : Exposing 17 endpoint(s) beneath base path '/actuator'
2022-12-19 15:20:07.322  INFO 12460 --- [restartedMain] o.s.b.w.embedded.tomcat.TomcatWebServer  : Tomcat started on port(s): 61031 (http) with context path ''
2022-12-19 15:20:07.327  INFO 12460 --- [restartedMain] .s.c.n.e.s.EurekaAutoServiceRegistration : Updating port to 61031
2022-12-19 15:20:07.337  INFO 12460 --- [restartedMain] o.s.c.n.eureka.InstanceInfoFactory       : Setting initial instance status as: STARTING
2022-12-19 15:20:07.515  INFO 12460 --- [restartedMain] com.netflix.discovery.DiscoveryClient    : Initializing Eureka in region us-east-1
2022-12-19 15:20:07.522  INFO 12460 --- [restartedMain] c.n.d.s.r.aws.ConfigClusterResolver      : Resolving eureka endpoints via configuration
2022-12-19 15:20:07.594  INFO 12460 --- [restartedMain] com.netflix.discovery.DiscoveryClient    : Disable delta property : false
2022-12-19 15:20:07.594  INFO 12460 --- [restartedMain] com.netflix.discovery.DiscoveryClient    : Single vip registry refresh property : null
2022-12-19 15:20:07.595  INFO 12460 --- [restartedMain] com.netflix.discovery.DiscoveryClient    : Force full registry fetch : false
2022-12-19 15:20:07.595  INFO 12460 --- [restartedMain] com.netflix.discovery.DiscoveryClient    : Application is null : false
2022-12-19 15:20:07.596  INFO 12460 --- [restartedMain] com.netflix.discovery.DiscoveryClient    : Registered Applications size is zero : true
2022-12-19 15:20:07.596  INFO 12460 --- [restartedMain] com.netflix.discovery.DiscoveryClient    : Application version is -1: true
2022-12-19 15:20:07.597  INFO 12460 --- [restartedMain] com.netflix.discovery.DiscoveryClient    : Getting all instance registry info from the eureka server
2022-12-19 15:20:08.391  INFO 12460 --- [restartedMain] com.netflix.discovery.DiscoveryClient    : The response status is 200
2022-12-19 15:20:08.396  INFO 12460 --- [restartedMain] com.netflix.discovery.DiscoveryClient    : Starting heartbeat executor: renew interval is: 30
2022-12-19 15:20:08.403  INFO 12460 --- [restartedMain] c.n.discovery.InstanceInfoReplicator     : InstanceInfoReplicator onDemand update allowed rate per min is 4
2022-12-19 15:20:08.413  INFO 12460 --- [restartedMain] com.netflix.discovery.DiscoveryClient    : Discovery Client initialized at timestamp 1671474008410 with initial instances count: 2
2022-12-19 15:20:08.421  INFO 12460 --- [restartedMain] o.s.c.n.e.s.EurekaServiceRegistry        : Registering application MSCLIENTES with eureka with status UP
2022-12-19 15:20:08.423  INFO 12460 --- [restartedMain] com.netflix.discovery.DiscoveryClient    : Saw local status change event StatusChangeEvent [timestamp=1671474008423, current=UP, previous=STARTING]
2022-12-19 15:20:08.429  INFO 12460 --- [DiscoveryClient-InstanceInfoReplicator-0] com.netflix.discovery.DiscoveryClient    : DiscoveryClient_MSCLIENTES/msclientes:3826f2f6a7440c039f959639e308a11d: registering service...
2022-12-19 15:20:08.699  INFO 12460 --- [DiscoveryClient-InstanceInfoReplicator-0] com.netflix.discovery.DiscoveryClient    : DiscoveryClient_MSCLIENTES/msclientes:3826f2f6a7440c039f959639e308a11d - registration status: 204
2022-12-19 15:20:08.766  INFO 12460 --- [restartedMain] i.g.y.msclientes.MsclientesApplication   : Started MsclientesApplication in 19.352 seconds (JVM running for 21.475)
2022-12-19 15:25:07.757  INFO 12460 --- [AsyncResolver-bootstrap-executor-0] c.n.d.s.r.aws.ConfigClusterResolver      : Resolving eureka endpoints via configuration
2022-12-19 15:30:07.960  INFO 12460 --- [AsyncResolver-bootstrap-executor-0] c.n.d.s.r.aws.ConfigClusterResolver      : Resolving eureka endpoints via configuration
2022-12-19 15:35:07.972  INFO 12460 --- [AsyncResolver-bootstrap-executor-0] c.n.d.s.r.aws.ConfigClusterResolver      : Resolving eureka endpoints via configuration
2022-12-19 15:40:07.990  INFO 12460 --- [AsyncResolver-bootstrap-executor-0] c.n.d.s.r.aws.ConfigClusterResolver      : Resolving eureka endpoints via configuration
2022-12-19 15:42:47.246  INFO 12460 --- [http-nio-auto-1-exec-1] o.a.c.c.C.[Tomcat].[localhost].[/]       : Initializing Spring DispatcherServlet 'dispatcherServlet'
2022-12-19 15:42:47.249  INFO 12460 --- [http-nio-auto-1-exec-1] o.s.web.servlet.DispatcherServlet        : Initializing Servlet 'dispatcherServlet'
2022-12-19 15:42:47.284  INFO 12460 --- [http-nio-auto-1-exec-1] o.s.web.servlet.DispatcherServlet        : Completed initialization in 35 ms
2022-12-19 15:45:07.998  INFO 12460 --- [AsyncResolver-bootstrap-executor-0] c.n.d.s.r.aws.ConfigClusterResolver      : Resolving eureka endpoints via configuration
2022-12-19 15:46:50.414  INFO 12460 --- [SpringApplicationShutdownHook] o.s.c.n.e.s.EurekaServiceRegistry        : Unregistering application MSCLIENTES with eureka with status DOWN
2022-12-19 15:46:50.415  INFO 12460 --- [SpringApplicationShutdownHook] com.netflix.discovery.DiscoveryClient    : Saw local status change event StatusChangeEvent [timestamp=1671475610415, current=DOWN, previous=UP]
2022-12-19 15:46:50.416  INFO 12460 --- [DiscoveryClient-InstanceInfoReplicator-0] com.netflix.discovery.DiscoveryClient    : DiscoveryClient_MSCLIENTES/msclientes:3826f2f6a7440c039f959639e308a11d: registering service...
2022-12-19 15:46:50.431  INFO 12460 --- [DiscoveryClient-InstanceInfoReplicator-0] com.netflix.discovery.DiscoveryClient    : DiscoveryClient_MSCLIENTES/msclientes:3826f2f6a7440c039f959639e308a11d - registration status: 204
2022-12-19 15:46:50.686  INFO 12460 --- [SpringApplicationShutdownHook] j.LocalContainerEntityManagerFactoryBean : Closing JPA EntityManagerFactory for persistence unit 'default'
2022-12-19 15:46:50.741  INFO 12460 --- [SpringApplicationShutdownHook] .SchemaDropperImpl$DelayedDropActionImpl : HHH000477: Starting delayed evictData of schema as part of SessionFactory shut-down'
