2022-12-19 15:17:20.095  INFO 236 --- [restartedMain] i.g.y.m.MsavaliadorcreditoApplication    : Starting MsavaliadorcreditoApplication using Java 18.0.2.1 on Yesmin with PID 236 (C:\Users\yesminmarie\Documents\Estudos\Curso_Microservicos_Udemy\microservice-project-card-issuing\msavaliadorcredito\target\classes started by yesminmarie in C:\Users\yesminmarie\Documents\Estudos\Curso_Microservicos_Udemy\microservice-project-card-issuing\msavaliadorcredito)
2022-12-19 15:17:20.110  INFO 236 --- [restartedMain] i.g.y.m.MsavaliadorcreditoApplication    : No active profile set, falling back to 1 default profile: "default"
2022-12-19 15:17:20.321  INFO 236 --- [restartedMain] .e.DevToolsPropertyDefaultsPostProcessor : Devtools property defaults active! Set 'spring.devtools.add-properties' to 'false' to disable
2022-12-19 15:17:20.323  INFO 236 --- [restartedMain] .e.DevToolsPropertyDefaultsPostProcessor : For additional web related logging consider setting the 'logging.level.web' property to 'DEBUG'
2022-12-19 15:17:29.039  INFO 236 --- [restartedMain] o.s.cloud.context.scope.GenericScope     : BeanFactory id=3edae6b5-838a-3525-a360-0bdd19848974
2022-12-19 15:17:30.981  INFO 236 --- [restartedMain] o.s.b.w.embedded.tomcat.TomcatWebServer  : Tomcat initialized with port(s): 0 (http)
2022-12-19 15:17:31.011  INFO 236 --- [restartedMain] o.apache.catalina.core.StandardService   : Starting service [Tomcat]
2022-12-19 15:17:31.012  INFO 236 --- [restartedMain] org.apache.catalina.core.StandardEngine  : Starting Servlet engine: [Apache Tomcat/9.0.69]
2022-12-19 15:17:31.373  INFO 236 --- [restartedMain] o.a.c.c.C.[Tomcat].[localhost].[/]       : Initializing Spring embedded WebApplicationContext
2022-12-19 15:17:31.374  INFO 236 --- [restartedMain] w.s.c.ServletWebServerApplicationContext : Root WebApplicationContext: initialization completed in 11049 ms
2022-12-19 15:17:32.652  INFO 236 --- [restartedMain] o.s.b.d.a.OptionalLiveReloadServer       : LiveReload server is running on port 35729
2022-12-19 15:17:32.812  INFO 236 --- [restartedMain] o.s.c.openfeign.FeignClientFactoryBean   : For 'msclientes' URL not provided. Will try picking an instance via load-balancing.
2022-12-19 15:17:33.176  INFO 236 --- [restartedMain] o.s.c.openfeign.FeignClientFactoryBean   : For 'mscartoes' URL not provided. Will try picking an instance via load-balancing.
2022-12-19 15:17:38.095  INFO 236 --- [restartedMain] DiscoveryClientOptionalArgsConfiguration : Eureka HTTP Client uses RestTemplate.
2022-12-19 15:17:38.277  WARN 236 --- [restartedMain] iguration$LoadBalancerCaffeineWarnLogger : Spring Cloud LoadBalancer is currently working with the default cache. While this cache implementation is useful for development and tests, it's recommended to use Caffeine cache in production.You can switch to using Caffeine cache, by adding it and org.springframework.cache.caffeine.CaffeineCacheManager to the classpath.
2022-12-19 15:17:38.322  INFO 236 --- [restartedMain] o.s.b.a.e.web.EndpointLinksResolver      : Exposing 17 endpoint(s) beneath base path '/actuator'
2022-12-19 15:17:38.487  INFO 236 --- [restartedMain] o.s.b.w.embedded.tomcat.TomcatWebServer  : Tomcat started on port(s): 60911 (http) with context path ''
2022-12-19 15:17:38.493  INFO 236 --- [restartedMain] .s.c.n.e.s.EurekaAutoServiceRegistration : Updating port to 60911
2022-12-19 15:17:38.504  INFO 236 --- [restartedMain] o.s.c.n.eureka.InstanceInfoFactory       : Setting initial instance status as: STARTING
2022-12-19 15:17:38.752  INFO 236 --- [restartedMain] com.netflix.discovery.DiscoveryClient    : Initializing Eureka in region us-east-1
2022-12-19 15:17:38.764  INFO 236 --- [restartedMain] c.n.d.s.r.aws.ConfigClusterResolver      : Resolving eureka endpoints via configuration
2022-12-19 15:17:38.817  INFO 236 --- [restartedMain] com.netflix.discovery.DiscoveryClient    : Disable delta property : false
2022-12-19 15:17:38.818  INFO 236 --- [restartedMain] com.netflix.discovery.DiscoveryClient    : Single vip registry refresh property : null
2022-12-19 15:17:38.818  INFO 236 --- [restartedMain] com.netflix.discovery.DiscoveryClient    : Force full registry fetch : false
2022-12-19 15:17:38.818  INFO 236 --- [restartedMain] com.netflix.discovery.DiscoveryClient    : Application is null : false
2022-12-19 15:17:38.819  INFO 236 --- [restartedMain] com.netflix.discovery.DiscoveryClient    : Registered Applications size is zero : true
2022-12-19 15:17:38.819  INFO 236 --- [restartedMain] com.netflix.discovery.DiscoveryClient    : Application version is -1: true
2022-12-19 15:17:38.819  INFO 236 --- [restartedMain] com.netflix.discovery.DiscoveryClient    : Getting all instance registry info from the eureka server
2022-12-19 15:17:40.159  INFO 236 --- [restartedMain] com.netflix.discovery.DiscoveryClient    : The response status is 200
2022-12-19 15:17:40.165  INFO 236 --- [restartedMain] com.netflix.discovery.DiscoveryClient    : Starting heartbeat executor: renew interval is: 30
2022-12-19 15:17:40.170  INFO 236 --- [restartedMain] c.n.discovery.InstanceInfoReplicator     : InstanceInfoReplicator onDemand update allowed rate per min is 4
2022-12-19 15:17:40.260  INFO 236 --- [restartedMain] com.netflix.discovery.DiscoveryClient    : Discovery Client initialized at timestamp 1671473860180 with initial instances count: 0
2022-12-19 15:17:40.264  INFO 236 --- [restartedMain] o.s.c.n.e.s.EurekaServiceRegistry        : Registering application MSAVALIADORCREDITO with eureka with status UP
2022-12-19 15:17:40.267  INFO 236 --- [restartedMain] com.netflix.discovery.DiscoveryClient    : Saw local status change event StatusChangeEvent [timestamp=1671473860267, current=UP, previous=STARTING]
2022-12-19 15:17:40.271  INFO 236 --- [DiscoveryClient-InstanceInfoReplicator-0] com.netflix.discovery.DiscoveryClient    : DiscoveryClient_MSAVALIADORCREDITO/msavaliadorcredito:6f3a4ceeaa6e34a8592b73eeae61681b: registering service...
2022-12-19 15:17:40.696  INFO 236 --- [restartedMain] i.g.y.m.MsavaliadorcreditoApplication    : Started MsavaliadorcreditoApplication in 28.929 seconds (JVM running for 37.245)
2022-12-19 15:17:40.722  INFO 236 --- [DiscoveryClient-InstanceInfoReplicator-0] com.netflix.discovery.DiscoveryClient    : DiscoveryClient_MSAVALIADORCREDITO/msavaliadorcredito:6f3a4ceeaa6e34a8592b73eeae61681b - registration status: 204
2022-12-19 15:18:10.273  INFO 236 --- [DiscoveryClient-CacheRefreshExecutor-0] com.netflix.discovery.DiscoveryClient    : Disable delta property : false
2022-12-19 15:18:10.274  INFO 236 --- [DiscoveryClient-CacheRefreshExecutor-0] com.netflix.discovery.DiscoveryClient    : Single vip registry refresh property : null
2022-12-19 15:18:10.275  INFO 236 --- [DiscoveryClient-CacheRefreshExecutor-0] com.netflix.discovery.DiscoveryClient    : Force full registry fetch : false
2022-12-19 15:18:10.275  INFO 236 --- [DiscoveryClient-CacheRefreshExecutor-0] com.netflix.discovery.DiscoveryClient    : Application is null : false
2022-12-19 15:18:10.285  INFO 236 --- [DiscoveryClient-CacheRefreshExecutor-0] com.netflix.discovery.DiscoveryClient    : Registered Applications size is zero : true
2022-12-19 15:18:10.486  INFO 236 --- [DiscoveryClient-CacheRefreshExecutor-0] com.netflix.discovery.DiscoveryClient    : Application version is -1: false
2022-12-19 15:18:10.493  INFO 236 --- [DiscoveryClient-CacheRefreshExecutor-0] com.netflix.discovery.DiscoveryClient    : Getting all instance registry info from the eureka server
2022-12-19 15:18:10.877  INFO 236 --- [DiscoveryClient-CacheRefreshExecutor-0] com.netflix.discovery.DiscoveryClient    : The response status is 200
2022-12-19 15:22:38.834  INFO 236 --- [AsyncResolver-bootstrap-executor-0] c.n.d.s.r.aws.ConfigClusterResolver      : Resolving eureka endpoints via configuration
2022-12-19 15:27:38.851  INFO 236 --- [AsyncResolver-bootstrap-executor-0] c.n.d.s.r.aws.ConfigClusterResolver      : Resolving eureka endpoints via configuration
2022-12-19 15:32:38.859  INFO 236 --- [AsyncResolver-bootstrap-executor-0] c.n.d.s.r.aws.ConfigClusterResolver      : Resolving eureka endpoints via configuration
2022-12-19 15:37:38.870  INFO 236 --- [AsyncResolver-bootstrap-executor-0] c.n.d.s.r.aws.ConfigClusterResolver      : Resolving eureka endpoints via configuration
2022-12-19 15:42:38.879  INFO 236 --- [AsyncResolver-bootstrap-executor-0] c.n.d.s.r.aws.ConfigClusterResolver      : Resolving eureka endpoints via configuration
2022-12-19 15:44:35.608  INFO 236 --- [http-nio-auto-1-exec-1] o.a.c.c.C.[Tomcat].[localhost].[/]       : Initializing Spring DispatcherServlet 'dispatcherServlet'
2022-12-19 15:44:35.610  INFO 236 --- [http-nio-auto-1-exec-1] o.s.web.servlet.DispatcherServlet        : Initializing Servlet 'dispatcherServlet'
2022-12-19 15:44:35.703  INFO 236 --- [http-nio-auto-1-exec-1] o.s.web.servlet.DispatcherServlet        : Completed initialization in 92 ms
2022-12-19 15:45:31.594  INFO 236 --- [http-nio-auto-1-exec-3] o.s.a.r.c.CachingConnectionFactory       : Attempting to connect to: [localhost:5672]
2022-12-19 15:45:32.120  INFO 236 --- [http-nio-auto-1-exec-3] o.s.a.r.c.CachingConnectionFactory       : Created new connection: rabbitConnectionFactory#18227404:0/SimpleConnection@51d58510 [delegate=amqp://guest@127.0.0.1:5672/, localPort= 61501]
2022-12-19 15:47:11.075  INFO 236 --- [SpringApplicationShutdownHook] o.s.c.n.e.s.EurekaServiceRegistry        : Unregistering application MSAVALIADORCREDITO with eureka with status DOWN
2022-12-19 15:47:11.077  INFO 236 --- [SpringApplicationShutdownHook] com.netflix.discovery.DiscoveryClient    : Saw local status change event StatusChangeEvent [timestamp=1671475631077, current=DOWN, previous=UP]
2022-12-19 15:47:11.112  INFO 236 --- [DiscoveryClient-InstanceInfoReplicator-0] com.netflix.discovery.DiscoveryClient    : DiscoveryClient_MSAVALIADORCREDITO/msavaliadorcredito:6f3a4ceeaa6e34a8592b73eeae61681b: registering service...
2022-12-19 15:47:11.164  INFO 236 --- [DiscoveryClient-InstanceInfoReplicator-0] com.netflix.discovery.DiscoveryClient    : DiscoveryClient_MSAVALIADORCREDITO/msavaliadorcredito:6f3a4ceeaa6e34a8592b73eeae61681b - registration status: 204
2022-12-19 15:47:11.948  INFO 236 --- [SpringApplicationShutdownHook] com.netflix.discovery.DiscoveryClient    : Shutting down DiscoveryClient ...
